  [1m[35m (0.7ms)[0m  [1m[34mSELECT sqlite_version(*)[0m
  ↳ bin/rails:9
  [1m[35m (6.1ms)[0m  [1m[35mCREATE TABLE "schema_migrations" ("version" varchar NOT NULL PRIMARY KEY)[0m
  ↳ bin/rails:9
  [1m[35m (3.9ms)[0m  [1m[35mCREATE TABLE "ar_internal_metadata" ("key" varchar NOT NULL PRIMARY KEY, "value" varchar, "created_at" datetime NOT NULL, "updated_at" datetime NOT NULL)[0m
  ↳ bin/rails:9
  [1m[35m (0.4ms)[0m  [1m[34mSELECT "schema_migrations"."version" FROM "schema_migrations" ORDER BY "schema_migrations"."version" ASC[0m
  ↳ bin/rails:9
Migrating to CreateUsers (20201208035847)
  [1m[35m (0.1ms)[0m  [1m[36mbegin transaction[0m
  ↳ bin/rails:9
  [1m[35m (1.7ms)[0m  [1m[35mCREATE TABLE "users" ("id" integer PRIMARY KEY AUTOINCREMENT NOT NULL, "username" varchar NOT NULL, "email" varchar NOT NULL, "session_token" varchar NOT NULL, "password_digest" varchar NOT NULL, "created_at" datetime NOT NULL, "updated_at" datetime NOT NULL)[0m
  ↳ db/migrate/20201208035847_create_users.rb:3
  [1m[35m (0.3ms)[0m  [1m[35mCREATE UNIQUE INDEX "index_users_on_username" ON "users" ("username")[0m
  ↳ db/migrate/20201208035847_create_users.rb:10
  [1m[35m (0.2ms)[0m  [1m[35mCREATE UNIQUE INDEX "index_users_on_email" ON "users" ("email")[0m
  ↳ db/migrate/20201208035847_create_users.rb:11
  [1m[35m (0.5ms)[0m  [1m[35mCREATE UNIQUE INDEX "index_users_on_session_token" ON "users" ("session_token")[0m
  ↳ db/migrate/20201208035847_create_users.rb:12
  [1m[36mActiveRecord::SchemaMigration Create (1.3ms)[0m  [1m[32mINSERT INTO "schema_migrations" ("version") VALUES (?)[0m  [["version", "20201208035847"]]
  ↳ bin/rails:9
  [1m[35m (2.7ms)[0m  [1m[36mcommit transaction[0m
  ↳ bin/rails:9
  [1m[36mActiveRecord::InternalMetadata Load (0.7ms)[0m  [1m[34mSELECT  "ar_internal_metadata".* FROM "ar_internal_metadata" WHERE "ar_internal_metadata"."key" = ? LIMIT ?[0m  [["key", "environment"], ["LIMIT", 1]]
  ↳ bin/rails:9
  [1m[35m (0.1ms)[0m  [1m[36mbegin transaction[0m
  ↳ bin/rails:9
  [1m[36mActiveRecord::InternalMetadata Create (1.8ms)[0m  [1m[32mINSERT INTO "ar_internal_metadata" ("key", "value", "created_at", "updated_at") VALUES (?, ?, ?, ?)[0m  [["key", "environment"], ["value", "development"], ["created_at", "2020-12-08 04:08:49.800129"], ["updated_at", "2020-12-08 04:08:49.800129"]]
  ↳ bin/rails:9
  [1m[35m (6.4ms)[0m  [1m[36mcommit transaction[0m
  ↳ bin/rails:9
  [1m[35m (0.5ms)[0m  [1m[34mSELECT "schema_migrations"."version" FROM "schema_migrations" ORDER BY "schema_migrations"."version" ASC[0m
  ↳ bin/rails:9
  [1m[35m (0.4ms)[0m  [1m[34mSELECT "schema_migrations"."version" FROM "schema_migrations" ORDER BY "schema_migrations"."version" ASC[0m
  ↳ /home/oliver/.rbenv/versions/2.5.1/bin/annotate:23
  [1m[35m (1.9ms)[0m  [1m[35mDROP DATABASE IF EXISTS "flatiron_mod3_development"[0m
  ↳ bin/rails:9
  [1m[35m (0.2ms)[0m  [1m[35mDROP DATABASE IF EXISTS "flatiron_mod3_test"[0m
  ↳ bin/rails:9
  [1m[35m (4400.6ms)[0m  [1m[35mCREATE DATABASE "flatiron_mod3_development" ENCODING = 'utf8'[0m
  ↳ bin/rails:9
  [1m[35m (2714.7ms)[0m  [1m[35mCREATE DATABASE "flatiron_mod3_test" ENCODING = 'utf8'[0m
  ↳ bin/rails:9
  [1m[35m (66.6ms)[0m  [1m[35mCREATE TABLE "schema_migrations" ("version" character varying NOT NULL PRIMARY KEY)[0m
  ↳ bin/rails:9
  [1m[35m (20.1ms)[0m  [1m[35mCREATE TABLE "ar_internal_metadata" ("key" character varying NOT NULL PRIMARY KEY, "value" character varying, "created_at" timestamp NOT NULL, "updated_at" timestamp NOT NULL)[0m
  ↳ bin/rails:9
  [1m[35m (2.4ms)[0m  [1m[34mSELECT pg_try_advisory_lock(5904349680232060365)[0m
  ↳ bin/rails:9
  [1m[35m (7.6ms)[0m  [1m[34mSELECT "schema_migrations"."version" FROM "schema_migrations" ORDER BY "schema_migrations"."version" ASC[0m
  ↳ bin/rails:9
Migrating to CreateUsers (20201208035847)
  [1m[35m (0.3ms)[0m  [1m[35mBEGIN[0m
  ↳ bin/rails:9
  [1m[35m (28.7ms)[0m  [1m[35mCREATE TABLE "users" ("id" bigserial primary key, "username" character varying NOT NULL, "email" character varying NOT NULL, "session_token" character varying NOT NULL, "password_digest" character varying NOT NULL, "created_at" timestamp NOT NULL, "updated_at" timestamp NOT NULL)[0m
  ↳ db/migrate/20201208035847_create_users.rb:3
  [1m[35m (8.9ms)[0m  [1m[35mCREATE UNIQUE INDEX  "index_users_on_username" ON "users"  ("username")[0m
  ↳ db/migrate/20201208035847_create_users.rb:10
  [1m[35m (6.7ms)[0m  [1m[35mCREATE UNIQUE INDEX  "index_users_on_email" ON "users"  ("email")[0m
  ↳ db/migrate/20201208035847_create_users.rb:11
  [1m[35m (12.1ms)[0m  [1m[35mCREATE UNIQUE INDEX  "index_users_on_session_token" ON "users"  ("session_token")[0m
  ↳ db/migrate/20201208035847_create_users.rb:12
  [1m[36mActiveRecord::SchemaMigration Create (6.4ms)[0m  [1m[32mINSERT INTO "schema_migrations" ("version") VALUES ($1) RETURNING "version"[0m  [["version", "20201208035847"]]
  ↳ bin/rails:9
  [1m[35m (1.3ms)[0m  [1m[35mCOMMIT[0m
  ↳ bin/rails:9
  [1m[36mActiveRecord::InternalMetadata Load (11.7ms)[0m  [1m[34mSELECT  "ar_internal_metadata".* FROM "ar_internal_metadata" WHERE "ar_internal_metadata"."key" = $1 LIMIT $2[0m  [["key", "environment"], ["LIMIT", 1]]
  ↳ bin/rails:9
  [1m[35m (0.3ms)[0m  [1m[35mBEGIN[0m
  ↳ bin/rails:9
  [1m[36mActiveRecord::InternalMetadata Create (3.7ms)[0m  [1m[32mINSERT INTO "ar_internal_metadata" ("key", "value", "created_at", "updated_at") VALUES ($1, $2, $3, $4) RETURNING "key"[0m  [["key", "environment"], ["value", "development"], ["created_at", "2020-12-08 04:17:44.925208"], ["updated_at", "2020-12-08 04:17:44.925208"]]
  ↳ bin/rails:9
  [1m[35m (0.6ms)[0m  [1m[35mCOMMIT[0m
  ↳ bin/rails:9
  [1m[35m (0.4ms)[0m  [1m[34mSELECT pg_advisory_unlock(5904349680232060365)[0m
  ↳ bin/rails:9
  [1m[35m (0.7ms)[0m  [1m[34mSELECT "schema_migrations"."version" FROM "schema_migrations" ORDER BY "schema_migrations"."version" ASC[0m
  ↳ bin/rails:9
  [1m[36mUser Load (49.2ms)[0m  [1m[34mSELECT "users".* FROM "users"[0m
  [1m[35m (0.4ms)[0m  [1m[35mBEGIN[0m
  [1m[36mUser Exists (6.0ms)[0m  [1m[34mSELECT  1 AS one FROM "users" WHERE "users"."session_token" = $1 LIMIT $2[0m  [["session_token", "T0MvdOxMhty_3s8IIG8aGA"], ["LIMIT", 1]]
  [1m[36mUser Exists (0.6ms)[0m  [1m[34mSELECT  1 AS one FROM "users" WHERE "users"."email" = $1 LIMIT $2[0m  [["email", "olsdfa"], ["LIMIT", 1]]
  [1m[36mUser Exists (0.6ms)[0m  [1m[34mSELECT  1 AS one FROM "users" WHERE "users"."username" = $1 LIMIT $2[0m  [["username", "oli"], ["LIMIT", 1]]
  [1m[35m (0.3ms)[0m  [1m[31mROLLBACK[0m
  [1m[35m (0.6ms)[0m  [1m[35mBEGIN[0m
  [1m[36mUser Exists (16.7ms)[0m  [1m[34mSELECT  1 AS one FROM "users" WHERE "users"."session_token" = $1 LIMIT $2[0m  [["session_token", "U9rGwL0KMDrkyFLOwr7p0g"], ["LIMIT", 1]]
  [1m[36mUser Exists (7.3ms)[0m  [1m[34mSELECT  1 AS one FROM "users" WHERE "users"."email" = $1 LIMIT $2[0m  [["email", "olsdfa"], ["LIMIT", 1]]
  [1m[36mUser Exists (3.3ms)[0m  [1m[34mSELECT  1 AS one FROM "users" WHERE "users"."username" = $1 LIMIT $2[0m  [["username", "oli"], ["LIMIT", 1]]
  [1m[35m (3.1ms)[0m  [1m[31mROLLBACK[0m
  [1m[36mUser Load (0.7ms)[0m  [1m[34mSELECT "users".* FROM "users"[0m
  [1m[35m (0.2ms)[0m  [1m[35mBEGIN[0m
  [1m[36mUser Exists (0.8ms)[0m  [1m[34mSELECT  1 AS one FROM "users" WHERE "users"."session_token" = $1 LIMIT $2[0m  [["session_token", "p0Hk0da0940DJJxfYMlaZw"], ["LIMIT", 1]]
  [1m[36mUser Exists (1.0ms)[0m  [1m[34mSELECT  1 AS one FROM "users" WHERE "users"."email" = $1 LIMIT $2[0m  [["email", "olsdfa"], ["LIMIT", 1]]
  [1m[36mUser Exists (38.5ms)[0m  [1m[34mSELECT  1 AS one FROM "users" WHERE "users"."username" = $1 LIMIT $2[0m  [["username", "oli"], ["LIMIT", 1]]
  [1m[36mUser Create (44.7ms)[0m  [1m[32mINSERT INTO "users" ("username", "email", "session_token", "password_digest", "created_at", "updated_at") VALUES ($1, $2, $3, $4, $5, $6) RETURNING "id"[0m  [["username", "oli"], ["email", "olsdfa"], ["session_token", "p0Hk0da0940DJJxfYMlaZw"], ["password_digest", "$2a$12$drLWMYT1IMP81.SdoOYkS.x.6aBrkWkFnRb33.gImxMCP8jIFGONi"], ["created_at", "2020-12-08 07:19:11.267232"], ["updated_at", "2020-12-08 07:19:11.267232"]]
  [1m[35m (24.1ms)[0m  [1m[35mCOMMIT[0m
  [1m[36mUser Load (2.1ms)[0m  [1m[34mSELECT "users".* FROM "users"[0m
  [1m[36mUser Load (2.8ms)[0m  [1m[34mSELECT "users".* FROM "users"[0m
  [1m[36mUser Load (32.9ms)[0m  [1m[34mSELECT "users".* FROM "users"[0m
Started GET "/" for ::1 at 2020-12-08 13:43:04 -0500
  [1m[35m (19.1ms)[0m  [1m[34mSELECT "schema_migrations"."version" FROM "schema_migrations" ORDER BY "schema_migrations"."version" ASC[0m
  ↳ /home/oliver/.rbenv/versions/2.5.1/lib/ruby/gems/2.5.0/gems/activerecord-5.2.4.4/lib/active_record/log_subscriber.rb:98

ActionController::RoutingError - uninitialized constant StaticPagesController:

Started POST "/__better_errors/66a6892e408f1c5c/variables" for ::1 at 2020-12-08 13:43:05 -0500
Started GET "/" for ::1 at 2020-12-08 13:49:19 -0500
  [1m[35m (1.4ms)[0m  [1m[34mSELECT "schema_migrations"."version" FROM "schema_migrations" ORDER BY "schema_migrations"."version" ASC[0m
  ↳ /home/oliver/.rbenv/versions/2.5.1/lib/ruby/gems/2.5.0/gems/activerecord-5.2.4.4/lib/active_record/log_subscriber.rb:98

SyntaxError - syntax error, unexpected ':', expecting keyword_end
    helper_method: :current_user, :logged_in?
                 ^:
  app/controllers/application_controller.rb:3:in `'
  app/controllers/static_pages_controller.rb:1:in `<top (required)>'

Started POST "/__better_errors/0f3b14614a1c28c7/variables" for ::1 at 2020-12-08 13:49:20 -0500
Started GET "/" for ::1 at 2020-12-08 13:50:21 -0500
Processing by StaticPagesController#root as HTML
  Rendering static_pages/root.html.erb within layouts/application
  Rendered static_pages/root.html.erb within layouts/application (15.3ms)
Completed 200 OK in 4736ms (Views: 4732.5ms | ActiveRecord: 0.0ms)


Started GET "/" for ::1 at 2020-12-08 14:10:30 -0500
  [1m[35m (1.2ms)[0m  [1m[34mSELECT "schema_migrations"."version" FROM "schema_migrations" ORDER BY "schema_migrations"."version" ASC[0m
  ↳ /home/oliver/.rbenv/versions/2.5.1/lib/ruby/gems/2.5.0/gems/activerecord-5.2.4.4/lib/active_record/log_subscriber.rb:98
Processing by StaticPagesController#root as HTML
  Rendering static_pages/root.html.erb within layouts/application
  Rendered static_pages/root.html.erb within layouts/application (10.0ms)
Completed 500 Internal Server Error in 446ms (ActiveRecord: 0.0ms)



Sprockets::FileNotFound - couldn't find file 'jquery' with type 'application/javascript'
Checked in these paths: 
  /home/oliver/AllTreks/AllTreks/app/assets/config
  /home/oliver/AllTreks/AllTreks/app/assets/images
  /home/oliver/AllTreks/AllTreks/app/assets/javascripts
  /home/oliver/AllTreks/AllTreks/app/assets/stylesheets
  /home/oliver/.rbenv/versions/2.5.1/lib/ruby/gems/2.5.0/gems/coffee-rails-4.2.2/lib/assets/javascripts
  /home/oliver/.rbenv/versions/2.5.1/lib/ruby/gems/2.5.0/gems/actioncable-5.2.4.4/lib/assets/compiled
  /home/oliver/.rbenv/versions/2.5.1/lib/ruby/gems/2.5.0/gems/activestorage-5.2.4.4/app/assets/javascripts
  /home/oliver/.rbenv/versions/2.5.1/lib/ruby/gems/2.5.0/gems/actionview-5.2.4.4/lib/assets/compiled
  /home/oliver/AllTreks/AllTreks/node_modules:
  app/views/layouts/application.html.erb:9:in `_app_views_layouts_application_html_erb__2705327173967143114_70368515506480'

Started POST "/__better_errors/8114459043f25de9/variables" for ::1 at 2020-12-08 14:10:31 -0500
Started GET "/" for ::1 at 2020-12-08 14:11:08 -0500
Processing by StaticPagesController#root as HTML
  Rendering static_pages/root.html.erb within layouts/application
  Rendered static_pages/root.html.erb within layouts/application (4.2ms)
Completed 500 Internal Server Error in 88ms (ActiveRecord: 0.0ms)



Sprockets::FileNotFound - couldn't find file 'jquery' with type 'application/javascript'
Checked in these paths: 
  /home/oliver/AllTreks/AllTreks/app/assets/config
  /home/oliver/AllTreks/AllTreks/app/assets/images
  /home/oliver/AllTreks/AllTreks/app/assets/javascripts
  /home/oliver/AllTreks/AllTreks/app/assets/stylesheets
  /home/oliver/.rbenv/versions/2.5.1/lib/ruby/gems/2.5.0/gems/coffee-rails-4.2.2/lib/assets/javascripts
  /home/oliver/.rbenv/versions/2.5.1/lib/ruby/gems/2.5.0/gems/actioncable-5.2.4.4/lib/assets/compiled
  /home/oliver/.rbenv/versions/2.5.1/lib/ruby/gems/2.5.0/gems/activestorage-5.2.4.4/app/assets/javascripts
  /home/oliver/.rbenv/versions/2.5.1/lib/ruby/gems/2.5.0/gems/actionview-5.2.4.4/lib/assets/compiled
  /home/oliver/AllTreks/AllTreks/node_modules:
  app/views/layouts/application.html.erb:9:in `_app_views_layouts_application_html_erb__2705327173967143114_70219506786320'

Started POST "/__better_errors/ce4e4cfbb8f5089f/variables" for ::1 at 2020-12-08 14:11:08 -0500
Started GET "/" for ::1 at 2020-12-08 14:11:45 -0500
Processing by StaticPagesController#root as HTML
  Rendering static_pages/root.html.erb within layouts/application
  Rendered static_pages/root.html.erb within layouts/application (0.6ms)
Completed 200 OK in 2585ms (Views: 2581.3ms | ActiveRecord: 0.0ms)


Started GET "/" for ::1 at 2020-12-08 14:16:27 -0500
Processing by StaticPagesController#root as HTML
  Rendering static_pages/root.html.erb within layouts/application
  Rendered static_pages/root.html.erb within layouts/application (0.9ms)
Completed 200 OK in 77ms (Views: 73.9ms | ActiveRecord: 0.0ms)


Started GET "/" for ::1 at 2020-12-08 14:20:26 -0500
Processing by StaticPagesController#root as HTML
  Rendering static_pages/root.html.erb within layouts/application
  Rendered static_pages/root.html.erb within layouts/application (0.5ms)
Completed 500 Internal Server Error in 57ms (ActiveRecord: 0.0ms)



Sprockets::FileNotFound - couldn't find file 'jquery' with type 'application/javascript'
Checked in these paths: 
  /home/oliver/AllTreks/AllTreks/app/assets/config
  /home/oliver/AllTreks/AllTreks/app/assets/images
  /home/oliver/AllTreks/AllTreks/app/assets/javascripts
  /home/oliver/AllTreks/AllTreks/app/assets/stylesheets
  /home/oliver/.rbenv/versions/2.5.1/lib/ruby/gems/2.5.0/gems/coffee-rails-4.2.2/lib/assets/javascripts
  /home/oliver/.rbenv/versions/2.5.1/lib/ruby/gems/2.5.0/gems/actioncable-5.2.4.4/lib/assets/compiled
  /home/oliver/.rbenv/versions/2.5.1/lib/ruby/gems/2.5.0/gems/activestorage-5.2.4.4/app/assets/javascripts
  /home/oliver/.rbenv/versions/2.5.1/lib/ruby/gems/2.5.0/gems/actionview-5.2.4.4/lib/assets/compiled
  /home/oliver/AllTreks/AllTreks/node_modules:
  app/views/layouts/application.html.erb:10:in `_app_views_layouts_application_html_erb__2705327173967143114_70219503769740'

Started POST "/__better_errors/7d6fb64fca0046a6/variables" for ::1 at 2020-12-08 14:20:27 -0500
Started GET "/" for ::1 at 2020-12-08 14:22:00 -0500
Processing by StaticPagesController#root as HTML
  Rendering static_pages/root.html.erb within layouts/application
  Rendered static_pages/root.html.erb within layouts/application (0.6ms)
Completed 200 OK in 164ms (Views: 146.8ms | ActiveRecord: 0.0ms)


Started GET "/" for ::1 at 2020-12-08 14:23:43 -0500
Processing by StaticPagesController#root as HTML
  Rendering static_pages/root.html.erb within layouts/application
  Rendered static_pages/root.html.erb within layouts/application (0.5ms)
Completed 500 Internal Server Error in 127ms (ActiveRecord: 0.0ms)



Sprockets::FileNotFound - couldn't find file 'jquery' with type 'application/javascript'
Checked in these paths: 
  /home/oliver/AllTreks/AllTreks/app/assets/config
  /home/oliver/AllTreks/AllTreks/app/assets/images
  /home/oliver/AllTreks/AllTreks/app/assets/javascripts
  /home/oliver/AllTreks/AllTreks/app/assets/stylesheets
  /home/oliver/.rbenv/versions/2.5.1/lib/ruby/gems/2.5.0/gems/coffee-rails-4.2.2/lib/assets/javascripts
  /home/oliver/.rbenv/versions/2.5.1/lib/ruby/gems/2.5.0/gems/actioncable-5.2.4.4/lib/assets/compiled
  /home/oliver/.rbenv/versions/2.5.1/lib/ruby/gems/2.5.0/gems/activestorage-5.2.4.4/app/assets/javascripts
  /home/oliver/.rbenv/versions/2.5.1/lib/ruby/gems/2.5.0/gems/actionview-5.2.4.4/lib/assets/compiled
  /home/oliver/AllTreks/AllTreks/node_modules:
  app/views/layouts/application.html.erb:10:in `_app_views_layouts_application_html_erb__2705327173967143114_70219570419500'

Started POST "/__better_errors/86498c1548a34f17/variables" for ::1 at 2020-12-08 14:23:45 -0500
Started GET "/" for ::1 at 2020-12-08 15:09:25 -0500
  [1m[35m (3.1ms)[0m  [1m[34mSELECT "schema_migrations"."version" FROM "schema_migrations" ORDER BY "schema_migrations"."version" ASC[0m
  ↳ /home/oliver/.rbenv/versions/2.5.1/lib/ruby/gems/2.5.0/gems/activerecord-5.2.4.4/lib/active_record/log_subscriber.rb:98
Processing by StaticPagesController#root as HTML
  Rendering static_pages/root.html.erb within layouts/application
  Rendered static_pages/root.html.erb within layouts/application (13.3ms)
Completed 200 OK in 3790ms (Views: 3735.0ms | ActiveRecord: 0.0ms)


Started POST "/api/users" for ::1 at 2020-12-08 15:12:25 -0500
Processing by Api::UsersController#create as JSON
  Parameters: {"user"=>{"username"=>"Omoney", "email"=>"fakeemail123", "password"=>"[FILTERED]"}}
Completed 500 Internal Server Error in 156ms (ActiveRecord: 0.0ms)



NoMethodError - undefined method `permit' for #<Api::UsersController:0x00007fb5069e1048>
Did you mean?  print:
  app/controllers/api/users_controller.rb:21:in `user_params'
  app/controllers/api/users_controller.rb:6:in `create'

Started GET "/" for ::1 at 2020-12-08 15:13:22 -0500
Processing by StaticPagesController#root as HTML
  Rendering static_pages/root.html.erb within layouts/application
  Rendered static_pages/root.html.erb within layouts/application (0.5ms)
Completed 200 OK in 84ms (Views: 80.6ms | ActiveRecord: 0.0ms)


Started POST "/api/users" for ::1 at 2020-12-08 15:13:25 -0500
Processing by Api::UsersController#create as JSON
  Parameters: {"user"=>{"username"=>"Omoney", "email"=>"fakeemail123", "password"=>"[FILTERED]"}}
  [1m[35m (0.3ms)[0m  [1m[35mBEGIN[0m
  ↳ app/controllers/api/users_controller.rb:8
  [1m[36mUser Exists (8.4ms)[0m  [1m[34mSELECT  1 AS one FROM "users" WHERE "users"."session_token" = $1 LIMIT $2[0m  [["session_token", "hdzsye3Jf6WauhWa-8yMrw"], ["LIMIT", 1]]
  ↳ app/controllers/api/users_controller.rb:8
  [1m[36mUser Exists (2.4ms)[0m  [1m[34mSELECT  1 AS one FROM "users" WHERE "users"."email" = $1 LIMIT $2[0m  [["email", "fakeemail123"], ["LIMIT", 1]]
  ↳ app/controllers/api/users_controller.rb:8
  [1m[36mUser Exists (2.0ms)[0m  [1m[34mSELECT  1 AS one FROM "users" WHERE "users"."username" = $1 LIMIT $2[0m  [["username", "Omoney"], ["LIMIT", 1]]
  ↳ app/controllers/api/users_controller.rb:8
  [1m[36mUser Create (8.7ms)[0m  [1m[32mINSERT INTO "users" ("username", "email", "session_token", "password_digest", "created_at", "updated_at") VALUES ($1, $2, $3, $4, $5, $6) RETURNING "id"[0m  [["username", "Omoney"], ["email", "fakeemail123"], ["session_token", "hdzsye3Jf6WauhWa-8yMrw"], ["password_digest", "$2a$12$h0G9PQFpVQ/IzwAZAJShnOsU/OL63A1mYWvVEZNSKTIOl5rArmIRq"], ["created_at", "2020-12-08 20:13:25.497276"], ["updated_at", "2020-12-08 20:13:25.497276"]]
  ↳ app/controllers/api/users_controller.rb:8
  [1m[35m (42.4ms)[0m  [1m[35mCOMMIT[0m
  ↳ app/controllers/api/users_controller.rb:8
Completed 500 Internal Server Error in 557ms (ActiveRecord: 89.7ms)



NoMethodError - undefined method `reset_session_token!' for #<User:0x00007fb505cb3808>
Did you mean?  reset_session_token
               restore_session_token!:
  app/controllers/application_controller.rb:14:in `login'
  app/controllers/api/users_controller.rb:9:in `create'

Started GET "/" for ::1 at 2020-12-08 15:15:18 -0500
Processing by StaticPagesController#root as HTML
  Rendering static_pages/root.html.erb within layouts/application
  Rendered static_pages/root.html.erb within layouts/application (1.3ms)
Completed 200 OK in 113ms (Views: 104.1ms | ActiveRecord: 0.0ms)


Started POST "/api/users" for ::1 at 2020-12-08 15:15:20 -0500
Processing by Api::UsersController#create as JSON
  Parameters: {"user"=>{"username"=>"Omoney", "email"=>"fakeemail123", "password"=>"[FILTERED]"}}
  [1m[35m (0.3ms)[0m  [1m[35mBEGIN[0m
  ↳ app/controllers/api/users_controller.rb:8
  [1m[36mUser Exists (0.7ms)[0m  [1m[34mSELECT  1 AS one FROM "users" WHERE "users"."session_token" = $1 LIMIT $2[0m  [["session_token", "QugBc_JdgzeCZEJkf6Kwug"], ["LIMIT", 1]]
  ↳ app/controllers/api/users_controller.rb:8
  [1m[36mUser Exists (3.7ms)[0m  [1m[34mSELECT  1 AS one FROM "users" WHERE "users"."email" = $1 LIMIT $2[0m  [["email", "fakeemail123"], ["LIMIT", 1]]
  ↳ app/controllers/api/users_controller.rb:8
  [1m[36mUser Exists (0.5ms)[0m  [1m[34mSELECT  1 AS one FROM "users" WHERE "users"."username" = $1 LIMIT $2[0m  [["username", "Omoney"], ["LIMIT", 1]]
  ↳ app/controllers/api/users_controller.rb:8
  [1m[35m (0.7ms)[0m  [1m[31mROLLBACK[0m
  ↳ app/controllers/api/users_controller.rb:8
  Rendering api/users/show.json.jbuilder
  Rendered api/users/show.json.jbuilder (0.8ms)
Completed 200 OK in 446ms (Views: 23.9ms | ActiveRecord: 24.7ms)


Started GET "/api/users" for ::1 at 2020-12-08 15:15:41 -0500
  
ActionController::RoutingError (No route matches [GET] "/api/users"):
  
actionpack (5.2.4.4) lib/action_dispatch/middleware/debug_exceptions.rb:65:in `call'
web-console (3.7.0) lib/web_console/middleware.rb:135:in `call_app'
web-console (3.7.0) lib/web_console/middleware.rb:30:in `block in call'
web-console (3.7.0) lib/web_console/middleware.rb:20:in `catch'
web-console (3.7.0) lib/web_console/middleware.rb:20:in `call'
actionpack (5.2.4.4) lib/action_dispatch/middleware/show_exceptions.rb:33:in `call'
railties (5.2.4.4) lib/rails/rack/logger.rb:38:in `call_app'
railties (5.2.4.4) lib/rails/rack/logger.rb:26:in `block in call'
activesupport (5.2.4.4) lib/active_support/tagged_logging.rb:71:in `block in tagged'
activesupport (5.2.4.4) lib/active_support/tagged_logging.rb:28:in `tagged'
activesupport (5.2.4.4) lib/active_support/tagged_logging.rb:71:in `tagged'
railties (5.2.4.4) lib/rails/rack/logger.rb:26:in `call'
sprockets-rails (3.2.2) lib/sprockets/rails/quiet_assets.rb:13:in `call'
actionpack (5.2.4.4) lib/action_dispatch/middleware/remote_ip.rb:81:in `call'
actionpack (5.2.4.4) lib/action_dispatch/middleware/request_id.rb:27:in `call'
rack (2.2.3) lib/rack/method_override.rb:24:in `call'
rack (2.2.3) lib/rack/runtime.rb:22:in `call'
activesupport (5.2.4.4) lib/active_support/cache/strategy/local_cache_middleware.rb:29:in `call'
actionpack (5.2.4.4) lib/action_dispatch/middleware/executor.rb:14:in `call'
actionpack (5.2.4.4) lib/action_dispatch/middleware/static.rb:127:in `call'
rack (2.2.3) lib/rack/sendfile.rb:110:in `call'
railties (5.2.4.4) lib/rails/engine.rb:524:in `call'
puma (3.12.6) lib/puma/configuration.rb:227:in `call'
puma (3.12.6) lib/puma/server.rb:706:in `handle_request'
puma (3.12.6) lib/puma/server.rb:476:in `process_client'
puma (3.12.6) lib/puma/server.rb:334:in `block in run'
puma (3.12.6) lib/puma/thread_pool.rb:135:in `block in spawn_thread'
Started GET "/api/users/1" for ::1 at 2020-12-08 15:16:07 -0500
Processing by Api::UsersController#show as JSON
  Parameters: {"id"=>"1"}
  Rendering api/users/show.json.jbuilder
  Rendered api/users/show.json.jbuilder (0.6ms)
Completed 200 OK in 25ms (Views: 22.2ms | ActiveRecord: 0.0ms)


Started GET "/" for ::1 at 2020-12-08 15:16:57 -0500
Processing by StaticPagesController#root as HTML
  Rendering static_pages/root.html.erb within layouts/application
  Rendered static_pages/root.html.erb within layouts/application (0.5ms)
Completed 200 OK in 141ms (Views: 138.3ms | ActiveRecord: 0.0ms)


  [1m[36mUser Load (32.9ms)[0m  [1m[34mSELECT "users".* FROM "users"[0m
Started GET "/api/session" for ::1 at 2020-12-08 15:18:29 -0500
  
ActionController::RoutingError (No route matches [GET] "/api/session"):
  
actionpack (5.2.4.4) lib/action_dispatch/middleware/debug_exceptions.rb:65:in `call'
web-console (3.7.0) lib/web_console/middleware.rb:135:in `call_app'
web-console (3.7.0) lib/web_console/middleware.rb:30:in `block in call'
web-console (3.7.0) lib/web_console/middleware.rb:20:in `catch'
web-console (3.7.0) lib/web_console/middleware.rb:20:in `call'
actionpack (5.2.4.4) lib/action_dispatch/middleware/show_exceptions.rb:33:in `call'
railties (5.2.4.4) lib/rails/rack/logger.rb:38:in `call_app'
railties (5.2.4.4) lib/rails/rack/logger.rb:26:in `block in call'
activesupport (5.2.4.4) lib/active_support/tagged_logging.rb:71:in `block in tagged'
activesupport (5.2.4.4) lib/active_support/tagged_logging.rb:28:in `tagged'
activesupport (5.2.4.4) lib/active_support/tagged_logging.rb:71:in `tagged'
railties (5.2.4.4) lib/rails/rack/logger.rb:26:in `call'
sprockets-rails (3.2.2) lib/sprockets/rails/quiet_assets.rb:13:in `call'
actionpack (5.2.4.4) lib/action_dispatch/middleware/remote_ip.rb:81:in `call'
actionpack (5.2.4.4) lib/action_dispatch/middleware/request_id.rb:27:in `call'
rack (2.2.3) lib/rack/method_override.rb:24:in `call'
rack (2.2.3) lib/rack/runtime.rb:22:in `call'
activesupport (5.2.4.4) lib/active_support/cache/strategy/local_cache_middleware.rb:29:in `call'
actionpack (5.2.4.4) lib/action_dispatch/middleware/executor.rb:14:in `call'
actionpack (5.2.4.4) lib/action_dispatch/middleware/static.rb:127:in `call'
rack (2.2.3) lib/rack/sendfile.rb:110:in `call'
railties (5.2.4.4) lib/rails/engine.rb:524:in `call'
puma (3.12.6) lib/puma/configuration.rb:227:in `call'
puma (3.12.6) lib/puma/server.rb:706:in `handle_request'
puma (3.12.6) lib/puma/server.rb:476:in `process_client'
puma (3.12.6) lib/puma/server.rb:334:in `block in run'
puma (3.12.6) lib/puma/thread_pool.rb:135:in `block in spawn_thread'
Started POST "/api/session" for ::1 at 2020-12-08 15:18:37 -0500

SyntaxError - syntax error, unexpected keyword_else
        else
        ^~~~
/home/oliver/AllTreks/AllTreks/app/controllers/api/sessions_controller.rb:21: syntax error, unexpected keyword_end
    end
    ^~~:
  app/controllers/api/sessions_controller.rb:12:in `'

Started GET "/" for ::1 at 2020-12-08 15:19:28 -0500
Processing by StaticPagesController#root as HTML
  Rendering static_pages/root.html.erb within layouts/application
  Rendered static_pages/root.html.erb within layouts/application (0.9ms)
Completed 200 OK in 101ms (Views: 96.3ms | ActiveRecord: 0.0ms)


Started POST "/api/session" for ::1 at 2020-12-08 15:20:33 -0500
Processing by Api::SessionsController#create as JSON
  Parameters: {"user"=>{"username"=>"oli223", "password"=>"[FILTERED]"}}
Completed 500 Internal Server Error in 12ms (ActiveRecord: 0.0ms)



ArgumentError - wrong number of arguments (given 1, expected 2):
  app/models/user.rb:29:in `find_by_credentials'
  app/controllers/api/sessions_controller.rb:7:in `create'

Started POST "/api/session" for ::1 at 2020-12-08 15:21:14 -0500
Processing by Api::SessionsController#create as JSON
  Parameters: {"username"=>"oli223", "password"=>"[FILTERED]"}
Completed 500 Internal Server Error in 1ms (ActiveRecord: 0.0ms)



ArgumentError - wrong number of arguments (given 1, expected 2):
  app/models/user.rb:29:in `find_by_credentials'
  app/controllers/api/sessions_controller.rb:7:in `create'

Started GET "/" for ::1 at 2020-12-08 15:21:49 -0500
Processing by StaticPagesController#root as HTML
  Rendering static_pages/root.html.erb within layouts/application
  Rendered static_pages/root.html.erb within layouts/application (1.5ms)
Completed 200 OK in 109ms (Views: 106.3ms | ActiveRecord: 0.0ms)


Started GET "/" for ::1 at 2020-12-08 15:51:00 -0500
Processing by StaticPagesController#root as HTML
  Rendering static_pages/root.html.erb within layouts/application
  Rendered static_pages/root.html.erb within layouts/application (4.1ms)
Completed 200 OK in 101ms (Views: 97.9ms | ActiveRecord: 0.0ms)


Started POST "/api/session" for ::1 at 2020-12-08 15:55:29 -0500
Processing by Api::SessionsController#create as JSON
  Parameters: {"username"=>"oli223", "password"=>"[FILTERED]"}
Completed 500 Internal Server Error in 17ms (ActiveRecord: 0.0ms)



ArgumentError - wrong number of arguments (given 1, expected 2):
  app/models/user.rb:29:in `find_by_credentials'
  app/controllers/api/sessions_controller.rb:7:in `create'

Started GET "/" for ::1 at 2020-12-08 15:56:32 -0500
Processing by StaticPagesController#root as HTML
  Rendering static_pages/root.html.erb within layouts/application
  Rendered static_pages/root.html.erb within layouts/application (0.5ms)
Completed 200 OK in 103ms (Views: 98.9ms | ActiveRecord: 0.0ms)


Started GET "/" for ::1 at 2020-12-08 15:58:02 -0500
Processing by StaticPagesController#root as HTML
  Rendering static_pages/root.html.erb within layouts/application
  Rendered static_pages/root.html.erb within layouts/application (0.8ms)
Completed 200 OK in 132ms (Views: 128.8ms | ActiveRecord: 0.0ms)


Started POST "/api/session" for ::1 at 2020-12-08 15:58:12 -0500
Processing by Api::SessionsController#create as JSON
  Parameters: {"user"=>{"username"=>"oli223", "password"=>"[FILTERED]"}}
Completed 500 Internal Server Error in 11ms (ActiveRecord: 0.0ms)



ArgumentError - wrong number of arguments (given 1, expected 2):
  app/models/user.rb:29:in `find_by_credentials'
  app/controllers/api/sessions_controller.rb:7:in `create'

Started GET "/" for ::1 at 2020-12-08 16:01:50 -0500
Processing by StaticPagesController#root as HTML
  Rendering static_pages/root.html.erb within layouts/application
  Rendered static_pages/root.html.erb within layouts/application (0.6ms)
Completed 200 OK in 121ms (Views: 118.4ms | ActiveRecord: 0.0ms)


Started POST "/api/session" for ::1 at 2020-12-08 16:01:54 -0500

SyntaxError - syntax error, unexpected ']'
...nd_by_credentials(params[user:][:username], params[user:][:p...
...                              ^
/home/oliver/AllTreks/AllTreks/app/controllers/api/sessions_controller.rb:7: syntax error, unexpected ']'
...ser:][:username], params[user:][:password])
...                              ^:
  app/controllers/api/sessions_controller.rb:7:in `'

Started GET "/" for ::1 at 2020-12-08 16:02:24 -0500
Processing by StaticPagesController#root as HTML
  Rendering static_pages/root.html.erb within layouts/application
  Rendered static_pages/root.html.erb within layouts/application (1.0ms)
Completed 200 OK in 125ms (Views: 119.2ms | ActiveRecord: 0.0ms)


Started POST "/api/session" for ::1 at 2020-12-08 16:02:27 -0500
Processing by Api::SessionsController#create as JSON
  Parameters: {"user"=>{"username"=>"oli223", "password"=>"[FILTERED]"}}
  [1m[36mUser Load (9.3ms)[0m  [1m[34mSELECT  "users".* FROM "users" WHERE "users"."email" = $1 LIMIT $2[0m  [["email", "oli223"], ["LIMIT", 1]]
  ↳ app/models/user.rb:30
No template found for Api::SessionsController#create, rendering head :no_content
Completed 204 No Content in 316ms (ActiveRecord: 61.8ms)


Started GET "/" for ::1 at 2020-12-08 16:24:37 -0500
Started GET "/" for ::1 at 2020-12-08 16:24:37 -0500
Processing by StaticPagesController#root as HTML
  Rendering static_pages/root.html.erb within layouts/application
  Rendered static_pages/root.html.erb within layouts/application (1.2ms)
Completed 200 OK in 672ms (Views: 668.4ms | ActiveRecord: 0.0ms)


Processing by StaticPagesController#root as HTML
  Rendering static_pages/root.html.erb within layouts/application
  Rendered static_pages/root.html.erb within layouts/application (0.1ms)
Completed 200 OK in 90ms (Views: 86.6ms | ActiveRecord: 0.0ms)


Started GET "/" for ::1 at 2020-12-08 16:24:49 -0500
Processing by StaticPagesController#root as HTML
  Rendering static_pages/root.html.erb within layouts/application
  Rendered static_pages/root.html.erb within layouts/application (0.5ms)
Completed 200 OK in 889ms (Views: 884.1ms | ActiveRecord: 0.0ms)


Started GET "/" for ::1 at 2020-12-08 16:26:35 -0500
Processing by StaticPagesController#root as HTML
  Rendering static_pages/root.html.erb within layouts/application
  Rendered static_pages/root.html.erb within layouts/application (1.4ms)
Completed 200 OK in 92ms (Views: 88.0ms | ActiveRecord: 0.0ms)


Started GET "/" for ::1 at 2020-12-08 16:38:51 -0500
  [1m[35m (2.7ms)[0m  [1m[34mSELECT "schema_migrations"."version" FROM "schema_migrations" ORDER BY "schema_migrations"."version" ASC[0m
  ↳ /home/oliver/.rbenv/versions/2.5.1/lib/ruby/gems/2.5.0/gems/activerecord-5.2.4.4/lib/active_record/log_subscriber.rb:98
Processing by StaticPagesController#root as HTML
  Rendering static_pages/root.html.erb within layouts/application
  Rendered static_pages/root.html.erb within layouts/application (4.7ms)
Completed 200 OK in 7894ms (Views: 7887.7ms | ActiveRecord: 0.0ms)


Started GET "/" for ::1 at 2020-12-08 16:40:19 -0500
Processing by StaticPagesController#root as HTML
  Rendering static_pages/root.html.erb within layouts/application
  Rendered static_pages/root.html.erb within layouts/application (1.2ms)
Completed 200 OK in 1141ms (Views: 1137.2ms | ActiveRecord: 0.0ms)


Started GET "/" for ::1 at 2020-12-08 16:40:56 -0500
Processing by StaticPagesController#root as HTML
  Rendering static_pages/root.html.erb within layouts/application
  Rendered static_pages/root.html.erb within layouts/application (4.3ms)
Completed 200 OK in 616ms (Views: 612.2ms | ActiveRecord: 0.0ms)


Started GET "/" for ::1 at 2020-12-08 16:41:04 -0500
Processing by StaticPagesController#root as HTML
  Rendering static_pages/root.html.erb within layouts/application
  Rendered static_pages/root.html.erb within layouts/application (16.7ms)
Completed 200 OK in 1174ms (Views: 1161.4ms | ActiveRecord: 0.0ms)


Started GET "/" for ::1 at 2020-12-08 16:41:25 -0500
Processing by StaticPagesController#root as HTML
  Rendering static_pages/root.html.erb within layouts/application
  Rendered static_pages/root.html.erb within layouts/application (1.3ms)
Completed 200 OK in 589ms (Views: 555.5ms | ActiveRecord: 0.0ms)


Started POST "/api/session" for ::1 at 2020-12-08 16:41:53 -0500
Processing by Api::SessionsController#create as JSON
  Parameters: {"user"=>{"username"=>"oli", "password"=>"[FILTERED]"}}
  [1m[36mUser Load (2.8ms)[0m  [1m[34mSELECT  "users".* FROM "users" WHERE "users"."email" = $1 LIMIT $2[0m  [["email", "oli"], ["LIMIT", 1]]
  ↳ app/models/user.rb:30
No template found for Api::SessionsController#create, rendering head :no_content
Completed 204 No Content in 252ms (ActiveRecord: 19.2ms)


Started DELETE "/api/session" for ::1 at 2020-12-08 16:41:59 -0500

AbstractController::ActionNotFound - The action 'destroy' could not be found for Api::SessionsController:

Started POST "/api/users" for ::1 at 2020-12-08 16:42:29 -0500
Processing by Api::UsersController#create as JSON
  Parameters: {"user"=>{"username"=>"sam", "password"=>"[FILTERED]"}}
  [1m[35m (0.3ms)[0m  [1m[35mBEGIN[0m
  ↳ app/controllers/api/users_controller.rb:8
  [1m[36mUser Exists (0.5ms)[0m  [1m[34mSELECT  1 AS one FROM "users" WHERE "users"."session_token" = $1 LIMIT $2[0m  [["session_token", "f4ZFylvdC5Nm1qqBN_yTig"], ["LIMIT", 1]]
  ↳ app/controllers/api/users_controller.rb:8
  [1m[36mUser Exists (1.4ms)[0m  [1m[34mSELECT  1 AS one FROM "users" WHERE "users"."email" IS NULL LIMIT $1[0m  [["LIMIT", 1]]
  ↳ app/controllers/api/users_controller.rb:8
  [1m[36mUser Exists (0.9ms)[0m  [1m[34mSELECT  1 AS one FROM "users" WHERE "users"."username" = $1 LIMIT $2[0m  [["username", "sam"], ["LIMIT", 1]]
  ↳ app/controllers/api/users_controller.rb:8
  [1m[35m (0.4ms)[0m  [1m[31mROLLBACK[0m
  ↳ app/controllers/api/users_controller.rb:8
  Rendering api/users/show.json.jbuilder
  Rendered api/users/show.json.jbuilder (1.5ms)
Completed 200 OK in 331ms (Views: 16.1ms | ActiveRecord: 13.2ms)


Started POST "/api/users" for ::1 at 2020-12-08 16:42:51 -0500
Processing by Api::UsersController#create as JSON
  Parameters: {"user"=>{"username"=>"sam", "email"=>"fakeemailguy", "password"=>"[FILTERED]"}}
  [1m[35m (0.3ms)[0m  [1m[35mBEGIN[0m
  ↳ app/controllers/api/users_controller.rb:8
  [1m[36mUser Exists (0.6ms)[0m  [1m[34mSELECT  1 AS one FROM "users" WHERE "users"."session_token" = $1 LIMIT $2[0m  [["session_token", "x31u4M3Y8sbaeyXP2BwyDg"], ["LIMIT", 1]]
  ↳ app/controllers/api/users_controller.rb:8
  [1m[36mUser Exists (0.5ms)[0m  [1m[34mSELECT  1 AS one FROM "users" WHERE "users"."email" = $1 LIMIT $2[0m  [["email", "fakeemailguy"], ["LIMIT", 1]]
  ↳ app/controllers/api/users_controller.rb:8
  [1m[36mUser Exists (0.5ms)[0m  [1m[34mSELECT  1 AS one FROM "users" WHERE "users"."username" = $1 LIMIT $2[0m  [["username", "sam"], ["LIMIT", 1]]
  ↳ app/controllers/api/users_controller.rb:8
  [1m[36mUser Create (7.0ms)[0m  [1m[32mINSERT INTO "users" ("username", "email", "session_token", "password_digest", "created_at", "updated_at") VALUES ($1, $2, $3, $4, $5, $6) RETURNING "id"[0m  [["username", "sam"], ["email", "fakeemailguy"], ["session_token", "x31u4M3Y8sbaeyXP2BwyDg"], ["password_digest", "$2a$12$SyKid3sTGt0o88nxjnQC9O46Rol4JKhg.276.hcJ.TjfTYACV0vuy"], ["created_at", "2020-12-08 21:42:52.107928"], ["updated_at", "2020-12-08 21:42:52.107928"]]
  ↳ app/controllers/api/users_controller.rb:8
  [1m[35m (25.6ms)[0m  [1m[35mCOMMIT[0m
  ↳ app/controllers/api/users_controller.rb:8
  [1m[35m (1.3ms)[0m  [1m[35mBEGIN[0m
  ↳ app/models/user.rb:51
  [1m[36mUser Exists (1.1ms)[0m  [1m[34mSELECT  1 AS one FROM "users" WHERE "users"."session_token" = $1 AND "users"."id" != $2 LIMIT $3[0m  [["session_token", "7DqeTRBvQ7llDbd4l8MtmA"], ["id", 3], ["LIMIT", 1]]
  ↳ app/models/user.rb:51
  [1m[36mUser Exists (0.7ms)[0m  [1m[34mSELECT  1 AS one FROM "users" WHERE "users"."email" = $1 AND "users"."id" != $2 LIMIT $3[0m  [["email", "fakeemailguy"], ["id", 3], ["LIMIT", 1]]
  ↳ app/models/user.rb:51
  [1m[36mUser Exists (1.0ms)[0m  [1m[34mSELECT  1 AS one FROM "users" WHERE "users"."username" = $1 AND "users"."id" != $2 LIMIT $3[0m  [["username", "sam"], ["id", 3], ["LIMIT", 1]]
  ↳ app/models/user.rb:51
  [1m[36mUser Update (2.1ms)[0m  [1m[33mUPDATE "users" SET "session_token" = $1, "updated_at" = $2 WHERE "users"."id" = $3[0m  [["session_token", "7DqeTRBvQ7llDbd4l8MtmA"], ["updated_at", "2020-12-08 21:42:52.161985"], ["id", 3]]
  ↳ app/models/user.rb:51
  [1m[35m (0.6ms)[0m  [1m[35mCOMMIT[0m
  ↳ app/models/user.rb:51
  Rendering api/users/show.json.jbuilder
  Rendered api/users/show.json.jbuilder (0.6ms)
Completed 200 OK in 396ms (Views: 17.4ms | ActiveRecord: 41.3ms)


Started GET "/" for ::1 at 2020-12-08 18:23:49 -0500
Processing by StaticPagesController#root as HTML
  Rendering static_pages/root.html.erb within layouts/application
  Rendered static_pages/root.html.erb within layouts/application (8.8ms)
Completed 200 OK in 229ms (Views: 224.2ms | ActiveRecord: 0.0ms)


Started GET "/" for ::1 at 2020-12-08 18:25:20 -0500
Processing by StaticPagesController#root as HTML
  Rendering static_pages/root.html.erb within layouts/application
  Rendered static_pages/root.html.erb within layouts/application (2.6ms)
Completed 200 OK in 885ms (Views: 882.2ms | ActiveRecord: 0.0ms)


Started GET "/" for ::1 at 2020-12-08 20:47:38 -0500
  [1m[35m (5.8ms)[0m  [1m[34mSELECT "schema_migrations"."version" FROM "schema_migrations" ORDER BY "schema_migrations"."version" ASC[0m
  ↳ /home/oliver/.rbenv/versions/2.5.1/lib/ruby/gems/2.5.0/gems/activerecord-5.2.4.4/lib/active_record/log_subscriber.rb:98
Processing by StaticPagesController#root as HTML
  Rendering static_pages/root.html.erb within layouts/application
  Rendered static_pages/root.html.erb within layouts/application (6.3ms)
Started GET "/" for ::1 at 2020-12-08 20:47:41 -0500
Processing by StaticPagesController#root as HTML
  Rendering static_pages/root.html.erb within layouts/application
  Rendered static_pages/root.html.erb within layouts/application (0.8ms)
Started GET "/" for ::1 at 2020-12-08 20:47:42 -0500
Processing by StaticPagesController#root as HTML
  Rendering static_pages/root.html.erb within layouts/application
  Rendered static_pages/root.html.erb within layouts/application (0.5ms)
Started GET "/" for ::1 at 2020-12-08 20:47:46 -0500
Completed 200 OK in 5156ms (Views: 5150.1ms | ActiveRecord: 0.0ms)


Completed 200 OK in 7347ms (Views: 7343.8ms | ActiveRecord: 0.0ms)


Processing by StaticPagesController#root as HTML
  Rendering static_pages/root.html.erb within layouts/application
  Rendered static_pages/root.html.erb within layouts/application (0.4ms)
Completed 200 OK in 106ms (Views: 101.9ms | ActiveRecord: 0.0ms)


Completed 200 OK in 5050ms (Views: 5032.9ms | ActiveRecord: 0.0ms)


